{"/home/zt112/Desktop/Projects/Medicare-HMS/medicare-hms/src/config/departments.ts": {"path":"/home/zt112/Desktop/Projects/Medicare-HMS/medicare-hms/src/config/departments.ts","statementMap":{"0":{"start":{"line":5,"column":13},"end":{"line":12,"column":null}}},"fnMap":{},"branchMap":{},"s":{"0":1},"f":{},"b":{}}
,"/home/zt112/Desktop/Projects/Medicare-HMS/medicare-hms/src/features/appointments/appointmentsSlice.ts": {"path":"/home/zt112/Desktop/Projects/Medicare-HMS/medicare-hms/src/features/appointments/appointmentsSlice.ts","statementMap":{"0":{"start":{"line":61,"column":0},"end":{"line":61,"column":16}},"1":{"start":{"line":1,"column":0},"end":{"line":1,"column":66}},"2":{"start":{"line":3,"column":0},"end":{"line":3,"column":42}},"3":{"start":{"line":5,"column":13},"end":{"line":59,"column":null}},"4":{"start":{"line":69,"column":2},"end":{"line":77,"column":null}},"5":{"start":{"line":71,"column":6},"end":{"line":76,"column":62}},"6":{"start":{"line":85,"column":40},"end":{"line":88,"column":null}},"7":{"start":{"line":87,"column":48},"end":{"line":87,"column":81}},"8":{"start":{"line":90,"column":26},"end":{"line":153,"column":2}},"9":{"start":{"line":95,"column":6},"end":{"line":95,"column":null}},"10":{"start":{"line":98,"column":16},"end":{"line":98,"column":30}},"11":{"start":{"line":99,"column":17},"end":{"line":99,"column":78}},"12":{"start":{"line":100,"column":6},"end":{"line":105,"column":null}},"13":{"start":{"line":111,"column":16},"end":{"line":111,"column":74}},"14":{"start":{"line":111,"column":47},"end":{"line":111,"column":73}},"15":{"start":{"line":112,"column":6},"end":{"line":112,"column":48}},"16":{"start":{"line":112,"column":42},"end":{"line":112,"column":48}},"17":{"start":{"line":113,"column":6},"end":{"line":113,"column":null}},"18":{"start":{"line":114,"column":6},"end":{"line":114,"column":null}},"19":{"start":{"line":115,"column":6},"end":{"line":115,"column":null}},"20":{"start":{"line":118,"column":16},"end":{"line":118,"column":74}},"21":{"start":{"line":118,"column":47},"end":{"line":118,"column":73}},"22":{"start":{"line":119,"column":6},"end":{"line":119,"column":null}},"23":{"start":{"line":119,"column":13},"end":{"line":119,"column":null}},"24":{"start":{"line":122,"column":16},"end":{"line":122,"column":71}},"25":{"start":{"line":122,"column":47},"end":{"line":122,"column":70}},"26":{"start":{"line":123,"column":6},"end":{"line":123,"column":null}},"27":{"start":{"line":123,"column":13},"end":{"line":123,"column":null}},"28":{"start":{"line":126,"column":31},"end":{"line":130,"column":34}},"29":{"start":{"line":127,"column":8},"end":{"line":130,"column":34}},"30":{"start":{"line":131,"column":20},"end":{"line":131,"column":69}},"31":{"start":{"line":131,"column":48},"end":{"line":131,"column":68}},"32":{"start":{"line":132,"column":19},"end":{"line":132,"column":50}},"33":{"start":{"line":132,"column":44},"end":{"line":132,"column":48}},"34":{"start":{"line":133,"column":22},"end":{"line":133,"column":67}},"35":{"start":{"line":133,"column":51},"end":{"line":133,"column":66}},"36":{"start":{"line":134,"column":6},"end":{"line":134,"column":null}},"37":{"start":{"line":137,"column":16},"end":{"line":137,"column":30}},"38":{"start":{"line":138,"column":6},"end":{"line":138,"column":58}},"39":{"start":{"line":138,"column":36},"end":{"line":138,"column":49}},"40":{"start":{"line":138,"column":52},"end":{"line":138,"column":58}},"41":{"start":{"line":139,"column":6},"end":{"line":139,"column":null}},"42":{"start":{"line":142,"column":16},"end":{"line":142,"column":30}},"43":{"start":{"line":143,"column":16},"end":{"line":143,"column":61}},"44":{"start":{"line":143,"column":47},"end":{"line":143,"column":60}},"45":{"start":{"line":144,"column":6},"end":{"line":144,"column":26}},"46":{"start":{"line":144,"column":20},"end":{"line":144,"column":26}},"47":{"start":{"line":145,"column":6},"end":{"line":145,"column":53}},"48":{"start":{"line":145,"column":47},"end":{"line":145,"column":53}},"49":{"start":{"line":146,"column":6},"end":{"line":146,"column":null}},"50":{"start":{"line":149,"column":17},"end":{"line":149,"column":31}},"51":{"start":{"line":150,"column":6},"end":{"line":150,"column":null}},"52":{"start":{"line":150,"column":50},"end":{"line":150,"column":87}},"53":{"start":{"line":155,"column":13},"end":{"line":164,"column":null}},"54":{"start":{"line":167,"column":0},"end":{"line":167,"column":null}}},"fnMap":{"0":{"name":"findSchedulingConflict","decl":{"start":{"line":61,"column":16},"end":{"line":61,"column":38}},"loc":{"start":{"line":67,"column":31},"end":{"line":78,"column":1}}},"1":{"name":"(anonymous_1)","decl":{"start":{"line":70,"column":4},"end":{"line":70,"column":5}},"loc":{"start":{"line":71,"column":6},"end":{"line":76,"column":62}}},"2":{"name":"(anonymous_2)","decl":{"start":{"line":87,"column":40},"end":{"line":87,"column":41}},"loc":{"start":{"line":87,"column":48},"end":{"line":87,"column":81}}},"3":{"name":"(anonymous_3)","decl":{"start":{"line":94,"column":4},"end":{"line":94,"column":23}},"loc":{"start":{"line":94,"column":67},"end":{"line":96,"column":5}}},"4":{"name":"(anonymous_4)","decl":{"start":{"line":97,"column":4},"end":{"line":97,"column":19}},"loc":{"start":{"line":97,"column":87},"end":{"line":106,"column":5}}},"5":{"name":"(anonymous_5)","decl":{"start":{"line":107,"column":4},"end":{"line":107,"column":25}},"loc":{"start":{"line":109,"column":93},"end":{"line":116,"column":5}}},"6":{"name":"(anonymous_6)","decl":{"start":{"line":111,"column":40},"end":{"line":111,"column":41}},"loc":{"start":{"line":111,"column":47},"end":{"line":111,"column":73}}},"7":{"name":"(anonymous_7)","decl":{"start":{"line":117,"column":4},"end":{"line":117,"column":27}},"loc":{"start":{"line":117,"column":99},"end":{"line":120,"column":5}}},"8":{"name":"(anonymous_8)","decl":{"start":{"line":118,"column":40},"end":{"line":118,"column":41}},"loc":{"start":{"line":118,"column":47},"end":{"line":118,"column":73}}},"9":{"name":"(anonymous_9)","decl":{"start":{"line":121,"column":4},"end":{"line":121,"column":21}},"loc":{"start":{"line":121,"column":58},"end":{"line":124,"column":5}}},"10":{"name":"(anonymous_10)","decl":{"start":{"line":122,"column":40},"end":{"line":122,"column":41}},"loc":{"start":{"line":122,"column":47},"end":{"line":122,"column":70}}},"11":{"name":"(anonymous_11)","decl":{"start":{"line":125,"column":4},"end":{"line":125,"column":30}},"loc":{"start":{"line":125,"column":77},"end":{"line":135,"column":5}}},"12":{"name":"(anonymous_12)","decl":{"start":{"line":126,"column":31},"end":{"line":126,"column":32}},"loc":{"start":{"line":127,"column":8},"end":{"line":130,"column":34}}},"13":{"name":"(anonymous_13)","decl":{"start":{"line":131,"column":41},"end":{"line":131,"column":42}},"loc":{"start":{"line":131,"column":48},"end":{"line":131,"column":68}}},"14":{"name":"(anonymous_14)","decl":{"start":{"line":132,"column":37},"end":{"line":132,"column":38}},"loc":{"start":{"line":132,"column":44},"end":{"line":132,"column":48}}},"15":{"name":"(anonymous_15)","decl":{"start":{"line":133,"column":44},"end":{"line":133,"column":45}},"loc":{"start":{"line":133,"column":51},"end":{"line":133,"column":66}}},"16":{"name":"(anonymous_16)","decl":{"start":{"line":136,"column":4},"end":{"line":136,"column":29}},"loc":{"start":{"line":136,"column":74},"end":{"line":140,"column":5}}},"17":{"name":"(anonymous_17)","decl":{"start":{"line":138,"column":29},"end":{"line":138,"column":30}},"loc":{"start":{"line":138,"column":36},"end":{"line":138,"column":49}}},"18":{"name":"(anonymous_18)","decl":{"start":{"line":141,"column":4},"end":{"line":141,"column":32}},"loc":{"start":{"line":141,"column":77},"end":{"line":147,"column":5}}},"19":{"name":"(anonymous_19)","decl":{"start":{"line":143,"column":40},"end":{"line":143,"column":41}},"loc":{"start":{"line":143,"column":47},"end":{"line":143,"column":60}}},"20":{"name":"(anonymous_20)","decl":{"start":{"line":148,"column":4},"end":{"line":148,"column":32}},"loc":{"start":{"line":148,"column":69},"end":{"line":151,"column":5}}},"21":{"name":"(anonymous_21)","decl":{"start":{"line":150,"column":43},"end":{"line":150,"column":44}},"loc":{"start":{"line":150,"column":50},"end":{"line":150,"column":87}}}},"branchMap":{"0":{"loc":{"start":{"line":71,"column":6},"end":{"line":76,"column":62}},"type":"binary-expr","locations":[{"start":{"line":71,"column":6},"end":{"line":71,"column":35}},{"start":{"line":72,"column":6},"end":{"line":72,"column":29}},{"start":{"line":73,"column":6},"end":{"line":73,"column":21}},{"start":{"line":74,"column":6},"end":{"line":74,"column":30}},{"start":{"line":75,"column":6},"end":{"line":75,"column":28}},{"start":{"line":76,"column":6},"end":{"line":76,"column":62}}]},"1":{"loc":{"start":{"line":102,"column":16},"end":{"line":102,"column":39}},"type":"binary-expr","locations":[{"start":{"line":102,"column":16},"end":{"line":102,"column":24}},{"start":{"line":102,"column":28},"end":{"line":102,"column":39}}]},"2":{"loc":{"start":{"line":112,"column":6},"end":{"line":112,"column":48}},"type":"if","locations":[{"start":{"line":112,"column":6},"end":{"line":112,"column":48}}]},"3":{"loc":{"start":{"line":112,"column":10},"end":{"line":112,"column":40}},"type":"binary-expr","locations":[{"start":{"line":112,"column":10},"end":{"line":112,"column":12}},{"start":{"line":112,"column":16},"end":{"line":112,"column":40}}]},"4":{"loc":{"start":{"line":119,"column":6},"end":{"line":119,"column":null}},"type":"if","locations":[{"start":{"line":119,"column":6},"end":{"line":119,"column":null}}]},"5":{"loc":{"start":{"line":123,"column":6},"end":{"line":123,"column":null}},"type":"if","locations":[{"start":{"line":123,"column":6},"end":{"line":123,"column":null}}]},"6":{"loc":{"start":{"line":127,"column":8},"end":{"line":130,"column":34}},"type":"binary-expr","locations":[{"start":{"line":127,"column":8},"end":{"line":127,"column":26}},{"start":{"line":128,"column":8},"end":{"line":128,"column":29}},{"start":{"line":129,"column":8},"end":{"line":129,"column":31}},{"start":{"line":130,"column":8},"end":{"line":130,"column":34}}]},"7":{"loc":{"start":{"line":138,"column":6},"end":{"line":138,"column":58}},"type":"if","locations":[{"start":{"line":138,"column":6},"end":{"line":138,"column":58}}]},"8":{"loc":{"start":{"line":144,"column":6},"end":{"line":144,"column":26}},"type":"if","locations":[{"start":{"line":144,"column":6},"end":{"line":144,"column":26}}]},"9":{"loc":{"start":{"line":145,"column":6},"end":{"line":145,"column":53}},"type":"if","locations":[{"start":{"line":145,"column":6},"end":{"line":145,"column":53}}]},"10":{"loc":{"start":{"line":150,"column":52},"end":{"line":150,"column":86}},"type":"binary-expr","locations":[{"start":{"line":150,"column":52},"end":{"line":150,"column":63}},{"start":{"line":150,"column":67},"end":{"line":150,"column":86}}]}},"s":{"0":4,"1":4,"2":4,"3":4,"4":6,"5":19,"6":4,"7":20,"8":4,"9":1,"10":3,"11":3,"12":3,"13":2,"14":2,"15":2,"16":1,"17":1,"18":1,"19":1,"20":1,"21":1,"22":1,"23":1,"24":1,"25":1,"26":1,"27":1,"28":2,"29":10,"30":2,"31":10,"32":2,"33":10,"34":2,"35":3,"36":2,"37":4,"38":4,"39":21,"40":1,"41":3,"42":3,"43":3,"44":13,"45":3,"46":1,"47":2,"48":1,"49":1,"50":2,"51":2,"52":11,"53":4,"54":4},"f":{"0":6,"1":19,"2":20,"3":1,"4":3,"5":2,"6":2,"7":1,"8":1,"9":1,"10":1,"11":2,"12":10,"13":10,"14":10,"15":3,"16":4,"17":21,"18":3,"19":13,"20":2,"21":11},"b":{"0":[19,18,10,10,7,4],"1":[3,1],"2":[1],"3":[2,2],"4":[1],"5":[1],"6":[10,10,10,10],"7":[1],"8":[1],"9":[1],"10":[11,2]}}
,"/home/zt112/Desktop/Projects/Medicare-HMS/medicare-hms/src/features/appointments/slotUtils.ts": {"path":"/home/zt112/Desktop/Projects/Medicare-HMS/medicare-hms/src/features/appointments/slotUtils.ts","statementMap":{"0":{"start":{"line":29,"column":0},"end":{"line":29,"column":16}},"1":{"start":{"line":58,"column":0},"end":{"line":58,"column":16}},"2":{"start":{"line":62,"column":0},"end":{"line":62,"column":16}},"3":{"start":{"line":66,"column":0},"end":{"line":66,"column":16}},"4":{"start":{"line":72,"column":0},"end":{"line":72,"column":16}},"5":{"start":{"line":81,"column":0},"end":{"line":81,"column":16}},"6":{"start":{"line":89,"column":0},"end":{"line":89,"column":16}},"7":{"start":{"line":99,"column":0},"end":{"line":99,"column":16}},"8":{"start":{"line":1,"column":0},"end":{"line":1,"column":null}},"9":{"start":{"line":17,"column":17},"end":{"line":17,"column":44}},"10":{"start":{"line":18,"column":2},"end":{"line":18,"column":null}},"11":{"start":{"line":30,"column":14},"end":{"line":30,"column":28}},"12":{"start":{"line":31,"column":2},"end":{"line":31,"column":null}},"13":{"start":{"line":31,"column":41},"end":{"line":31,"column":null}},"14":{"start":{"line":33,"column":12},"end":{"line":33,"column":41}},"15":{"start":{"line":34,"column":19},"end":{"line":34,"column":46}},"16":{"start":{"line":35,"column":17},"end":{"line":35,"column":84}},"17":{"start":{"line":36,"column":17},"end":{"line":36,"column":80}},"18":{"start":{"line":37,"column":15},"end":{"line":37,"column":41}},"19":{"start":{"line":38,"column":31},"end":{"line":38,"column":33}},"20":{"start":{"line":40,"column":2},"end":{"line":53,"column":3}},"21":{"start":{"line":41,"column":20},"end":{"line":41,"column":41}},"22":{"start":{"line":42,"column":4},"end":{"line":45,"column":5}},"23":{"start":{"line":43,"column":6},"end":{"line":43,"column":null}},"24":{"start":{"line":44,"column":6},"end":{"line":44,"column":14}},"25":{"start":{"line":46,"column":4},"end":{"line":51,"column":null}},"26":{"start":{"line":52,"column":4},"end":{"line":52,"column":null}},"27":{"start":{"line":54,"column":2},"end":{"line":54,"column":null}},"28":{"start":{"line":59,"column":2},"end":{"line":59,"column":null}},"29":{"start":{"line":63,"column":2},"end":{"line":63,"column":null}},"30":{"start":{"line":63,"column":45},"end":{"line":63,"column":72}},"31":{"start":{"line":67,"column":17},"end":{"line":67,"column":41}},"32":{"start":{"line":68,"column":2},"end":{"line":68,"column":null}},"33":{"start":{"line":73,"column":13},"end":{"line":73,"column":34}},"34":{"start":{"line":74,"column":13},"end":{"line":74,"column":32}},"35":{"start":{"line":75,"column":13},"end":{"line":75,"column":34}},"36":{"start":{"line":76,"column":13},"end":{"line":76,"column":32}},"37":{"start":{"line":77,"column":2},"end":{"line":77,"column":null}},"38":{"start":{"line":82,"column":12},"end":{"line":82,"column":64}},"39":{"start":{"line":83,"column":16},"end":{"line":83,"column":43}},"40":{"start":{"line":84,"column":14},"end":{"line":84,"column":53}},"41":{"start":{"line":85,"column":2},"end":{"line":85,"column":null}},"42":{"start":{"line":90,"column":14},"end":{"line":90,"column":31}},"43":{"start":{"line":91,"column":2},"end":{"line":95,"column":3}},"44":{"start":{"line":92,"column":4},"end":{"line":94,"column":5}},"45":{"start":{"line":93,"column":6},"end":{"line":93,"column":null}},"46":{"start":{"line":96,"column":2},"end":{"line":96,"column":null}},"47":{"start":{"line":96,"column":33},"end":{"line":96,"column":68}},"48":{"start":{"line":100,"column":2},"end":{"line":100,"column":null}},"49":{"start":{"line":100,"column":51},"end":{"line":100,"column":74}}},"fnMap":{"0":{"name":"atTime","decl":{"start":{"line":16,"column":9},"end":{"line":16,"column":15}},"loc":{"start":{"line":16,"column":39},"end":{"line":19,"column":1}}},"1":{"name":"generateDaySlots","decl":{"start":{"line":29,"column":16},"end":{"line":29,"column":32}},"loc":{"start":{"line":29,"column":66},"end":{"line":55,"column":1}}},"2":{"name":"startOfWeekMonday","decl":{"start":{"line":58,"column":16},"end":{"line":58,"column":33}},"loc":{"start":{"line":58,"column":44},"end":{"line":60,"column":1}}},"3":{"name":"eachDayOfWeek","decl":{"start":{"line":62,"column":16},"end":{"line":62,"column":29}},"loc":{"start":{"line":62,"column":51},"end":{"line":64,"column":1}}},"4":{"name":"(anonymous_4)","decl":{"start":{"line":63,"column":35},"end":{"line":63,"column":36}},"loc":{"start":{"line":63,"column":45},"end":{"line":63,"column":72}}},"5":{"name":"timeToMinutes","decl":{"start":{"line":66,"column":16},"end":{"line":66,"column":29}},"loc":{"start":{"line":66,"column":39},"end":{"line":69,"column":1}}},"6":{"name":"slotsOverlap","decl":{"start":{"line":72,"column":16},"end":{"line":72,"column":28}},"loc":{"start":{"line":72,"column":87},"end":{"line":78,"column":1}}},"7":{"name":"isDateInWeek","decl":{"start":{"line":81,"column":16},"end":{"line":81,"column":28}},"loc":{"start":{"line":81,"column":67},"end":{"line":86,"column":1}}},"8":{"name":"weekSlotStartLabels","decl":{"start":{"line":89,"column":16},"end":{"line":89,"column":35}},"loc":{"start":{"line":89,"column":81},"end":{"line":97,"column":1}}},"9":{"name":"(anonymous_9)","decl":{"start":{"line":96,"column":23},"end":{"line":96,"column":24}},"loc":{"start":{"line":96,"column":33},"end":{"line":96,"column":68}}},"10":{"name":"findSlotByStart","decl":{"start":{"line":99,"column":16},"end":{"line":99,"column":31}},"loc":{"start":{"line":99,"column":83},"end":{"line":101,"column":1}}},"11":{"name":"(anonymous_11)","decl":{"start":{"line":100,"column":44},"end":{"line":100,"column":45}},"loc":{"start":{"line":100,"column":51},"end":{"line":100,"column":74}}}},"branchMap":{"0":{"loc":{"start":{"line":18,"column":50},"end":{"line":18,"column":56}},"type":"binary-expr","locations":[{"start":{"line":18,"column":50},"end":{"line":18,"column":51}},{"start":{"line":18,"column":55},"end":{"line":18,"column":56}}]},"1":{"loc":{"start":{"line":31,"column":2},"end":{"line":31,"column":null}},"type":"if","locations":[{"start":{"line":31,"column":2},"end":{"line":31,"column":null}}]},"2":{"loc":{"start":{"line":35,"column":17},"end":{"line":35,"column":84}},"type":"cond-expr","locations":[{"start":{"line":35,"column":42},"end":{"line":35,"column":77}},{"start":{"line":35,"column":80},"end":{"line":35,"column":84}}]},"3":{"loc":{"start":{"line":36,"column":17},"end":{"line":36,"column":80}},"type":"cond-expr","locations":[{"start":{"line":36,"column":40},"end":{"line":36,"column":73}},{"start":{"line":36,"column":76},"end":{"line":36,"column":80}}]},"4":{"loc":{"start":{"line":42,"column":4},"end":{"line":45,"column":5}},"type":"if","locations":[{"start":{"line":42,"column":4},"end":{"line":45,"column":5}}]},"5":{"loc":{"start":{"line":42,"column":8},"end":{"line":42,"column":100}},"type":"binary-expr","locations":[{"start":{"line":42,"column":8},"end":{"line":42,"column":14}},{"start":{"line":42,"column":18},"end":{"line":42,"column":24}},{"start":{"line":42,"column":28},"end":{"line":42,"column":60}},{"start":{"line":42,"column":64},"end":{"line":42,"column":100}}]},"6":{"loc":{"start":{"line":68,"column":19},"end":{"line":68,"column":25}},"type":"binary-expr","locations":[{"start":{"line":68,"column":19},"end":{"line":68,"column":20}},{"start":{"line":68,"column":24},"end":{"line":68,"column":25}}]},"7":{"loc":{"start":{"line":77,"column":9},"end":{"line":77,"column":27}},"type":"binary-expr","locations":[{"start":{"line":77,"column":9},"end":{"line":77,"column":16}},{"start":{"line":77,"column":20},"end":{"line":77,"column":27}}]}},"s":{"0":5,"1":5,"2":5,"3":5,"4":5,"5":5,"6":5,"7":5,"8":5,"9":34,"10":34,"11":12,"12":12,"13":3,"14":9,"15":9,"16":9,"17":9,"18":9,"19":9,"20":9,"21":42,"22":42,"23":8,"24":8,"25":34,"26":34,"27":9,"28":1,"29":2,"30":14,"31":47,"32":47,"33":8,"34":8,"35":8,"36":8,"37":8,"38":4,"39":4,"40":4,"41":4,"42":1,"43":1,"44":7,"45":20,"46":1,"47":3,"48":2,"49":5},"f":{"0":34,"1":12,"2":1,"3":2,"4":14,"5":47,"6":8,"7":4,"8":1,"9":3,"10":2,"11":5},"b":{"0":[34,18],"1":[3],"2":[8,1],"3":[8,1],"4":[8],"5":[42,40,40,16],"6":[47,18],"7":[8,6]}}
,"/home/zt112/Desktop/Projects/Medicare-HMS/medicare-hms/src/features/patients/PatientRegistrationForm.tsx": {"path":"/home/zt112/Desktop/Projects/Medicare-HMS/medicare-hms/src/features/patients/PatientRegistrationForm.tsx","statementMap":{"0":{"start":{"line":65,"column":0},"end":{"line":65,"column":24}},"1":{"start":{"line":1,"column":0},"end":{"line":1,"column":43}},"2":{"start":{"line":2,"column":0},"end":{"line":2,"column":41}},"3":{"start":{"line":3,"column":0},"end":{"line":3,"column":53}},"4":{"start":{"line":4,"column":0},"end":{"line":4,"column":52}},"5":{"start":{"line":5,"column":0},"end":{"line":5,"column":null}},"6":{"start":{"line":16,"column":0},"end":{"line":16,"column":68}},"7":{"start":{"line":17,"column":0},"end":{"line":17,"column":41}},"8":{"start":{"line":18,"column":0},"end":{"line":18,"column":47}},"9":{"start":{"line":20,"column":41},"end":{"line":39,"column":null}},"10":{"start":{"line":41,"column":14},"end":{"line":41,"column":80}},"11":{"start":{"line":43,"column":20},"end":{"line":43,"column":81}},"12":{"start":{"line":46,"column":2},"end":{"line":48,"column":null}},"13":{"start":{"line":63,"column":2},"end":{"line":63,"column":276}},"14":{"start":{"line":72,"column":19},"end":{"line":72,"column":32}},"15":{"start":{"line":73,"column":26},"end":{"line":73,"column":37}},"16":{"start":{"line":74,"column":40},"end":{"line":74,"column":69}},"17":{"start":{"line":75,"column":38},"end":{"line":75,"column":53}},"18":{"start":{"line":76,"column":17},"end":{"line":76,"column":32}},"19":{"start":{"line":78,"column":15},"end":{"line":82,"column":4}},"20":{"start":{"line":92,"column":6},"end":{"line":92,"column":10}},"21":{"start":{"line":94,"column":2},"end":{"line":99,"column":null}},"22":{"start":{"line":95,"column":4},"end":{"line":98,"column":5}},"23":{"start":{"line":96,"column":6},"end":{"line":96,"column":null}},"24":{"start":{"line":97,"column":6},"end":{"line":97,"column":null}},"25":{"start":{"line":101,"column":15},"end":{"line":113,"column":3}},"26":{"start":{"line":102,"column":4},"end":{"line":102,"column":null}},"27":{"start":{"line":103,"column":19},"end":{"line":103,"column":36}},"28":{"start":{"line":104,"column":19},"end":{"line":104,"column":40}},"29":{"start":{"line":105,"column":18},"end":{"line":105,"column":34}},"30":{"start":{"line":106,"column":17},"end":{"line":106,"column":96}},"31":{"start":{"line":106,"column":54},"end":{"line":106,"column":67}},"32":{"start":{"line":107,"column":19},"end":{"line":107,"column":41}},"33":{"start":{"line":108,"column":4},"end":{"line":111,"column":5}},"34":{"start":{"line":109,"column":6},"end":{"line":109,"column":null}},"35":{"start":{"line":110,"column":6},"end":{"line":110,"column":12}},"36":{"start":{"line":112,"column":4},"end":{"line":112,"column":null}},"37":{"start":{"line":112,"column":19},"end":{"line":112,"column":24}},"38":{"start":{"line":115,"column":15},"end":{"line":118,"column":3}},"39":{"start":{"line":116,"column":4},"end":{"line":116,"column":null}},"40":{"start":{"line":117,"column":4},"end":{"line":117,"column":null}},"41":{"start":{"line":117,"column":19},"end":{"line":117,"column":37}},"42":{"start":{"line":120,"column":19},"end":{"line":188,"column":3}},"43":{"start":{"line":121,"column":4},"end":{"line":121,"column":null}},"44":{"start":{"line":122,"column":4},"end":{"line":122,"column":null}},"45":{"start":{"line":123,"column":4},"end":{"line":187,"column":5}},"46":{"start":{"line":124,"column":6},"end":{"line":151,"column":7}},"47":{"start":{"line":125,"column":38},"end":{"line":145,"column":null}},"48":{"start":{"line":146,"column":8},"end":{"line":146,"column":null}},"49":{"start":{"line":147,"column":8},"end":{"line":147,"column":null}},"50":{"start":{"line":148,"column":8},"end":{"line":148,"column":null}},"51":{"start":{"line":149,"column":8},"end":{"line":149,"column":null}},"52":{"start":{"line":150,"column":8},"end":{"line":150,"column":14}},"53":{"start":{"line":153,"column":17},"end":{"line":153,"column":42}},"54":{"start":{"line":154,"column":36},"end":{"line":176,"column":null}},"55":{"start":{"line":177,"column":6},"end":{"line":177,"column":null}},"56":{"start":{"line":178,"column":6},"end":{"line":178,"column":null}},"57":{"start":{"line":179,"column":6},"end":{"line":179,"column":null}},"58":{"start":{"line":180,"column":6},"end":{"line":180,"column":null}},"59":{"start":{"line":182,"column":18},"end":{"line":182,"column":75}},"60":{"start":{"line":183,"column":6},"end":{"line":183,"column":null}},"61":{"start":{"line":184,"column":6},"end":{"line":184,"column":null}},"62":{"start":{"line":186,"column":6},"end":{"line":186,"column":null}},"63":{"start":{"line":190,"column":23},"end":{"line":190,"column":37}},"64":{"start":{"line":192,"column":22},"end":{"line":204,"column":3}},"65":{"start":{"line":193,"column":17},"end":{"line":193,"column":36}},"66":{"start":{"line":194,"column":4},"end":{"line":197,"column":5}},"67":{"start":{"line":195,"column":6},"end":{"line":195,"column":null}},"68":{"start":{"line":196,"column":6},"end":{"line":196,"column":12}},"69":{"start":{"line":198,"column":19},"end":{"line":198,"column":35}},"70":{"start":{"line":199,"column":4},"end":{"line":202,"column":null}},"71":{"start":{"line":200,"column":21},"end":{"line":200,"column":34}},"72":{"start":{"line":201,"column":6},"end":{"line":201,"column":null}},"73":{"start":{"line":201,"column":38},"end":{"line":201,"column":null}},"74":{"start":{"line":203,"column":4},"end":{"line":203,"column":null}},"75":{"start":{"line":206,"column":2},"end":{"line":438,"column":null}},"76":{"start":{"line":212,"column":12},"end":{"line":213,"column":null}},"77":{"start":{"line":231,"column":10},"end":{"line":231,"column":null}},"78":{"start":{"line":428,"column":31},"end":{"line":428,"column":60}}},"fnMap":{"0":{"name":"inputClass","decl":{"start":{"line":45,"column":9},"end":{"line":45,"column":19}},"loc":{"start":{"line":45,"column":35},"end":{"line":49,"column":1}}},"1":{"name":"PatientRegistrationForm","decl":{"start":{"line":65,"column":24},"end":{"line":65,"column":47}},"loc":{"start":{"line":71,"column":31},"end":{"line":439,"column":1}}},"2":{"name":"(anonymous_2)","decl":{"start":{"line":94,"column":12},"end":{"line":94,"column":15}},"loc":{"start":{"line":94,"column":17},"end":{"line":99,"column":3}}},"3":{"name":"(anonymous_3)","decl":{"start":{"line":101,"column":15},"end":{"line":101,"column":20}},"loc":{"start":{"line":101,"column":26},"end":{"line":113,"column":3}}},"4":{"name":"(anonymous_4)","decl":{"start":{"line":106,"column":47},"end":{"line":106,"column":48}},"loc":{"start":{"line":106,"column":54},"end":{"line":106,"column":67}}},"5":{"name":"(anonymous_5)","decl":{"start":{"line":112,"column":12},"end":{"line":112,"column":13}},"loc":{"start":{"line":112,"column":19},"end":{"line":112,"column":24}}},"6":{"name":"(anonymous_6)","decl":{"start":{"line":115,"column":15},"end":{"line":115,"column":18}},"loc":{"start":{"line":115,"column":20},"end":{"line":118,"column":3}}},"7":{"name":"(anonymous_7)","decl":{"start":{"line":117,"column":12},"end":{"line":117,"column":13}},"loc":{"start":{"line":117,"column":19},"end":{"line":117,"column":37}}},"8":{"name":"(anonymous_8)","decl":{"start":{"line":120,"column":19},"end":{"line":120,"column":24}},"loc":{"start":{"line":120,"column":55},"end":{"line":188,"column":3}}},"9":{"name":"(anonymous_9)","decl":{"start":{"line":192,"column":22},"end":{"line":192,"column":23}},"loc":{"start":{"line":192,"column":65},"end":{"line":204,"column":3}}},"10":{"name":"(anonymous_10)","decl":{"start":{"line":199,"column":20},"end":{"line":199,"column":23}},"loc":{"start":{"line":199,"column":25},"end":{"line":202,"column":5}}},"11":{"name":"(anonymous_11)","decl":{"start":{"line":211,"column":21},"end":{"line":211,"column":22}},"loc":{"start":{"line":212,"column":12},"end":{"line":213,"column":null}}},"12":{"name":"(anonymous_12)","decl":{"start":{"line":229,"column":18},"end":{"line":229,"column":19}},"loc":{"start":{"line":229,"column":24},"end":{"line":232,"column":9}}},"13":{"name":"(anonymous_13)","decl":{"start":{"line":428,"column":25},"end":{"line":428,"column":28}},"loc":{"start":{"line":428,"column":31},"end":{"line":428,"column":60}}}},"branchMap":{"0":{"loc":{"start":{"line":47,"column":4},"end":{"line":47,"column":null}},"type":"cond-expr","locations":[{"start":{"line":47,"column":12},"end":{"line":47,"column":51}},{"start":{"line":47,"column":54},"end":{"line":47,"column":null}}]},"1":{"loc":{"start":{"line":67,"column":2},"end":{"line":67,"column":32}},"type":"default-arg","locations":[{"start":{"line":67,"column":15},"end":{"line":67,"column":32}}]},"2":{"loc":{"start":{"line":69,"column":2},"end":{"line":69,"column":22}},"type":"default-arg","locations":[{"start":{"line":69,"column":14},"end":{"line":69,"column":22}}]},"3":{"loc":{"start":{"line":70,"column":2},"end":{"line":70,"column":22}},"type":"default-arg","locations":[{"start":{"line":70,"column":18},"end":{"line":70,"column":22}}]},"4":{"loc":{"start":{"line":80,"column":19},"end":{"line":80,"column":91}},"type":"cond-expr","locations":[{"start":{"line":80,"column":35},"end":{"line":80,"column":75}},{"start":{"line":80,"column":78},"end":{"line":80,"column":91}}]},"5":{"loc":{"start":{"line":95,"column":4},"end":{"line":98,"column":5}},"type":"if","locations":[{"start":{"line":95,"column":4},"end":{"line":98,"column":5}}]},"6":{"loc":{"start":{"line":108,"column":4},"end":{"line":111,"column":5}},"type":"if","locations":[{"start":{"line":108,"column":4},"end":{"line":111,"column":5}}]},"7":{"loc":{"start":{"line":124,"column":6},"end":{"line":151,"column":7}},"type":"if","locations":[{"start":{"line":124,"column":6},"end":{"line":151,"column":7}}]},"8":{"loc":{"start":{"line":137,"column":17},"end":{"line":137,"column":37}},"type":"binary-expr","locations":[{"start":{"line":137,"column":17},"end":{"line":137,"column":29}},{"start":{"line":137,"column":33},"end":{"line":137,"column":37}}]},"9":{"loc":{"start":{"line":138,"column":21},"end":{"line":138,"column":43}},"type":"binary-expr","locations":[{"start":{"line":138,"column":21},"end":{"line":138,"column":37}},{"start":{"line":138,"column":41},"end":{"line":138,"column":43}}]},"10":{"loc":{"start":{"line":139,"column":29},"end":{"line":139,"column":59}},"type":"binary-expr","locations":[{"start":{"line":139,"column":29},"end":{"line":139,"column":53}},{"start":{"line":139,"column":57},"end":{"line":139,"column":59}}]},"11":{"loc":{"start":{"line":140,"column":25},"end":{"line":140,"column":51}},"type":"binary-expr","locations":[{"start":{"line":140,"column":25},"end":{"line":140,"column":45}},{"start":{"line":140,"column":49},"end":{"line":140,"column":51}}]},"12":{"loc":{"start":{"line":141,"column":30},"end":{"line":141,"column":61}},"type":"binary-expr","locations":[{"start":{"line":141,"column":30},"end":{"line":141,"column":55}},{"start":{"line":141,"column":59},"end":{"line":141,"column":61}}]},"13":{"loc":{"start":{"line":166,"column":15},"end":{"line":166,"column":35}},"type":"binary-expr","locations":[{"start":{"line":166,"column":15},"end":{"line":166,"column":27}},{"start":{"line":166,"column":31},"end":{"line":166,"column":35}}]},"14":{"loc":{"start":{"line":167,"column":19},"end":{"line":167,"column":41}},"type":"binary-expr","locations":[{"start":{"line":167,"column":19},"end":{"line":167,"column":35}},{"start":{"line":167,"column":39},"end":{"line":167,"column":41}}]},"15":{"loc":{"start":{"line":168,"column":27},"end":{"line":168,"column":57}},"type":"binary-expr","locations":[{"start":{"line":168,"column":27},"end":{"line":168,"column":51}},{"start":{"line":168,"column":55},"end":{"line":168,"column":57}}]},"16":{"loc":{"start":{"line":169,"column":23},"end":{"line":169,"column":49}},"type":"binary-expr","locations":[{"start":{"line":169,"column":23},"end":{"line":169,"column":43}},{"start":{"line":169,"column":47},"end":{"line":169,"column":49}}]},"17":{"loc":{"start":{"line":170,"column":28},"end":{"line":170,"column":59}},"type":"binary-expr","locations":[{"start":{"line":170,"column":28},"end":{"line":170,"column":53}},{"start":{"line":170,"column":57},"end":{"line":170,"column":59}}]},"18":{"loc":{"start":{"line":182,"column":18},"end":{"line":182,"column":75}},"type":"cond-expr","locations":[{"start":{"line":182,"column":39},"end":{"line":182,"column":48}},{"start":{"line":182,"column":51},"end":{"line":182,"column":75}}]},"19":{"loc":{"start":{"line":194,"column":4},"end":{"line":197,"column":5}},"type":"if","locations":[{"start":{"line":194,"column":4},"end":{"line":197,"column":5}}]},"20":{"loc":{"start":{"line":201,"column":6},"end":{"line":201,"column":null}},"type":"if","locations":[{"start":{"line":201,"column":6},"end":{"line":201,"column":null}}]},"21":{"loc":{"start":{"line":214,"column":55},"end":{"line":214,"column":102}},"type":"cond-expr","locations":[{"start":{"line":214,"column":67},"end":{"line":214,"column":97}},{"start":{"line":214,"column":100},"end":{"line":214,"column":102}}]},"22":{"loc":{"start":{"line":235,"column":9},"end":{"line":279,"column":null}},"type":"binary-expr","locations":[{"start":{"line":235,"column":9},"end":{"line":235,"column":19}},{"start":{"line":236,"column":10},"end":{"line":278,"column":null}}]},"23":{"loc":{"start":{"line":241,"column":15},"end":{"line":241,"column":104}},"type":"binary-expr","locations":[{"start":{"line":241,"column":15},"end":{"line":241,"column":30}},{"start":{"line":241,"column":34},"end":{"line":241,"column":104}}]},"24":{"loc":{"start":{"line":246,"column":15},"end":{"line":246,"column":94}},"type":"binary-expr","locations":[{"start":{"line":246,"column":15},"end":{"line":246,"column":25}},{"start":{"line":246,"column":29},"end":{"line":246,"column":94}}]},"25":{"loc":{"start":{"line":255,"column":15},"end":{"line":255,"column":100}},"type":"binary-expr","locations":[{"start":{"line":255,"column":15},"end":{"line":255,"column":28}},{"start":{"line":255,"column":32},"end":{"line":255,"column":100}}]},"26":{"loc":{"start":{"line":270,"column":15},"end":{"line":270,"column":108}},"type":"binary-expr","locations":[{"start":{"line":270,"column":15},"end":{"line":270,"column":32}},{"start":{"line":270,"column":36},"end":{"line":270,"column":108}}]},"27":{"loc":{"start":{"line":275,"column":15},"end":{"line":276,"column":null}},"type":"binary-expr","locations":[{"start":{"line":275,"column":15},"end":{"line":275,"column":27}},{"start":{"line":276,"column":16},"end":{"line":276,"column":146}}]},"28":{"loc":{"start":{"line":282,"column":9},"end":{"line":317,"column":null}},"type":"binary-expr","locations":[{"start":{"line":282,"column":9},"end":{"line":282,"column":19}},{"start":{"line":283,"column":10},"end":{"line":316,"column":null}}]},"29":{"loc":{"start":{"line":288,"column":15},"end":{"line":288,"column":98}},"type":"binary-expr","locations":[{"start":{"line":288,"column":15},"end":{"line":288,"column":27}},{"start":{"line":288,"column":31},"end":{"line":288,"column":98}}]},"30":{"loc":{"start":{"line":293,"column":15},"end":{"line":293,"column":98}},"type":"binary-expr","locations":[{"start":{"line":293,"column":15},"end":{"line":293,"column":27}},{"start":{"line":293,"column":31},"end":{"line":293,"column":98}}]},"31":{"loc":{"start":{"line":298,"column":15},"end":{"line":298,"column":102}},"type":"binary-expr","locations":[{"start":{"line":298,"column":15},"end":{"line":298,"column":29}},{"start":{"line":298,"column":33},"end":{"line":298,"column":102}}]},"32":{"loc":{"start":{"line":304,"column":17},"end":{"line":304,"column":98}},"type":"binary-expr","locations":[{"start":{"line":304,"column":17},"end":{"line":304,"column":28}},{"start":{"line":304,"column":32},"end":{"line":304,"column":98}}]},"33":{"loc":{"start":{"line":309,"column":17},"end":{"line":309,"column":100}},"type":"binary-expr","locations":[{"start":{"line":309,"column":17},"end":{"line":309,"column":29}},{"start":{"line":309,"column":33},"end":{"line":309,"column":100}}]},"34":{"loc":{"start":{"line":314,"column":17},"end":{"line":314,"column":96}},"type":"binary-expr","locations":[{"start":{"line":314,"column":17},"end":{"line":314,"column":27}},{"start":{"line":314,"column":31},"end":{"line":314,"column":96}}]},"35":{"loc":{"start":{"line":320,"column":9},"end":{"line":339,"column":null}},"type":"binary-expr","locations":[{"start":{"line":320,"column":9},"end":{"line":320,"column":19}},{"start":{"line":321,"column":10},"end":{"line":338,"column":null}}]},"36":{"loc":{"start":{"line":342,"column":9},"end":{"line":362,"column":null}},"type":"binary-expr","locations":[{"start":{"line":342,"column":9},"end":{"line":342,"column":19}},{"start":{"line":343,"column":10},"end":{"line":361,"column":null}}]},"37":{"loc":{"start":{"line":348,"column":15},"end":{"line":348,"column":114}},"type":"binary-expr","locations":[{"start":{"line":348,"column":15},"end":{"line":348,"column":35}},{"start":{"line":348,"column":39},"end":{"line":348,"column":114}}]},"38":{"loc":{"start":{"line":353,"column":15},"end":{"line":354,"column":null}},"type":"binary-expr","locations":[{"start":{"line":353,"column":15},"end":{"line":353,"column":43}},{"start":{"line":354,"column":16},"end":{"line":354,"column":99}}]},"39":{"loc":{"start":{"line":360,"column":15},"end":{"line":360,"column":116}},"type":"binary-expr","locations":[{"start":{"line":360,"column":15},"end":{"line":360,"column":36}},{"start":{"line":360,"column":40},"end":{"line":360,"column":116}}]},"40":{"loc":{"start":{"line":365,"column":9},"end":{"line":395,"column":null}},"type":"binary-expr","locations":[{"start":{"line":365,"column":9},"end":{"line":365,"column":19}},{"start":{"line":366,"column":10},"end":{"line":394,"column":null}}]},"41":{"loc":{"start":{"line":369,"column":99},"end":{"line":369,"column":143}},"type":"cond-expr","locations":[{"start":{"line":369,"column":108},"end":{"line":369,"column":122}},{"start":{"line":369,"column":125},"end":{"line":369,"column":143}}]},"42":{"loc":{"start":{"line":373,"column":64},"end":{"line":373,"column":111}},"type":"cond-expr","locations":[{"start":{"line":373,"column":73},"end":{"line":373,"column":90}},{"start":{"line":373,"column":93},"end":{"line":373,"column":111}}]},"43":{"loc":{"start":{"line":398,"column":9},"end":{"line":398,"column":93}},"type":"binary-expr","locations":[{"start":{"line":398,"column":9},"end":{"line":398,"column":20}},{"start":{"line":398,"column":24},"end":{"line":398,"column":93}}]},"44":{"loc":{"start":{"line":401,"column":11},"end":{"line":413,"column":null}},"type":"cond-expr","locations":[{"start":{"line":402,"column":12},"end":{"line":403,"column":null}},{"start":{"line":406,"column":12},"end":{"line":410,"column":null}}]},"45":{"loc":{"start":{"line":401,"column":11},"end":{"line":401,"column":31}},"type":"binary-expr","locations":[{"start":{"line":401,"column":11},"end":{"line":401,"column":21}},{"start":{"line":401,"column":25},"end":{"line":401,"column":31}}]},"46":{"loc":{"start":{"line":416,"column":13},"end":{"line":432,"column":null}},"type":"cond-expr","locations":[{"start":{"line":417,"column":14},"end":{"line":420,"column":null}},{"start":{"line":425,"column":14},"end":{"line":431,"column":null}}]},"47":{"loc":{"start":{"line":431,"column":17},"end":{"line":431,"column":86}},"type":"cond-expr","locations":[{"start":{"line":431,"column":30},"end":{"line":431,"column":39}},{"start":{"line":431,"column":42},"end":{"line":431,"column":86}}]},"48":{"loc":{"start":{"line":431,"column":42},"end":{"line":431,"column":86}},"type":"cond-expr","locations":[{"start":{"line":431,"column":51},"end":{"line":431,"column":65}},{"start":{"line":431,"column":68},"end":{"line":431,"column":86}}]}},"s":{"0":1,"1":1,"2":1,"3":1,"4":1,"5":1,"6":1,"7":1,"8":1,"9":1,"10":1,"11":1,"12":175,"13":1,"14":47,"15":47,"16":47,"17":47,"18":47,"19":47,"20":47,"21":47,"22":12,"23":3,"24":3,"25":47,"26":16,"27":16,"28":16,"29":16,"30":16,"31":74,"32":16,"33":16,"34":1,"35":1,"36":15,"37":15,"38":47,"39":1,"40":1,"41":1,"42":47,"43":3,"44":3,"45":3,"46":3,"47":1,"48":1,"49":1,"50":1,"51":1,"52":1,"53":2,"54":2,"55":2,"56":1,"57":1,"58":1,"59":1,"60":1,"61":1,"62":3,"63":47,"64":47,"65":2,"66":2,"67":1,"68":1,"69":1,"70":1,"71":1,"72":1,"73":1,"74":1,"75":47,"76":235,"77":1,"78":3},"f":{"0":175,"1":47,"2":12,"3":16,"4":74,"5":15,"6":1,"7":1,"8":3,"9":2,"10":1,"11":235,"12":1,"13":3},"b":{"0":[3,172],"1":[5],"2":[45],"3":[35],"4":[12,35],"5":[3],"6":[1],"7":[1],"8":[1,1],"9":[1,0],"10":[1,0],"11":[1,0],"12":[1,0],"13":[2,2],"14":[2,0],"15":[2,0],"16":[2,0],"17":[2,0],"18":[1,0],"19":[1],"20":[1],"21":[93,142],"22":[47,28],"23":[28,1],"24":[28,1],"25":[28,0],"26":[28,1],"27":[28,1],"28":[47,7],"29":[7,0],"30":[7,0],"31":[7,0],"32":[7,0],"33":[7,0],"34":[7,0],"35":[47,3],"36":[47,3],"37":[3,0],"38":[3,0],"39":[3,0],"40":[47,6],"41":[2,4],"42":[2,4],"43":[47,1],"44":[2,45],"45":[47,28],"46":[41,6],"47":[0,6],"48":[2,4]}}
,"/home/zt112/Desktop/Projects/Medicare-HMS/medicare-hms/src/features/patients/patientSchemas.ts": {"path":"/home/zt112/Desktop/Projects/Medicare-HMS/medicare-hms/src/features/patients/patientSchemas.ts","statementMap":{"0":{"start":{"line":54,"column":0},"end":{"line":54,"column":16}},"1":{"start":{"line":1,"column":0},"end":{"line":1,"column":23}},"2":{"start":{"line":4,"column":13},"end":{"line":10,"column":null}},"3":{"start":{"line":12,"column":13},"end":{"line":22,"column":null}},"4":{"start":{"line":24,"column":13},"end":{"line":29,"column":null}},"5":{"start":{"line":31,"column":13},"end":{"line":38,"column":null}},"6":{"start":{"line":40,"column":13},"end":{"line":43,"column":null}},"7":{"start":{"line":47,"column":13},"end":{"line":52,"column":null}},"8":{"start":{"line":55,"column":2},"end":{"line":74,"column":null}}},"fnMap":{"0":{"name":"patientRecordToFormValues","decl":{"start":{"line":54,"column":16},"end":{"line":54,"column":41}},"loc":{"start":{"line":54,"column":58},"end":{"line":75,"column":1}}}},"branchMap":{"0":{"loc":{"start":{"line":60,"column":11},"end":{"line":60,"column":26}},"type":"binary-expr","locations":[{"start":{"line":60,"column":11},"end":{"line":60,"column":18}},{"start":{"line":60,"column":22},"end":{"line":60,"column":26}}]},"1":{"loc":{"start":{"line":67,"column":15},"end":{"line":67,"column":32}},"type":"binary-expr","locations":[{"start":{"line":67,"column":15},"end":{"line":67,"column":26}},{"start":{"line":67,"column":30},"end":{"line":67,"column":32}}]},"2":{"loc":{"start":{"line":68,"column":23},"end":{"line":68,"column":48}},"type":"binary-expr","locations":[{"start":{"line":68,"column":23},"end":{"line":68,"column":42}},{"start":{"line":68,"column":46},"end":{"line":68,"column":48}}]},"3":{"loc":{"start":{"line":69,"column":19},"end":{"line":69,"column":40}},"type":"binary-expr","locations":[{"start":{"line":69,"column":19},"end":{"line":69,"column":34}},{"start":{"line":69,"column":38},"end":{"line":69,"column":40}}]},"4":{"loc":{"start":{"line":70,"column":24},"end":{"line":70,"column":50}},"type":"binary-expr","locations":[{"start":{"line":70,"column":24},"end":{"line":70,"column":44}},{"start":{"line":70,"column":48},"end":{"line":70,"column":50}}]}},"s":{"0":2,"1":2,"2":2,"3":2,"4":2,"5":2,"6":2,"7":2,"8":18},"f":{"0":18},"b":{"0":[18,17],"1":[18,1],"2":[18,1],"3":[18,1],"4":[18,1]}}
,"/home/zt112/Desktop/Projects/Medicare-HMS/medicare-hms/src/features/queue/opdQueueDoctors.ts": {"path":"/home/zt112/Desktop/Projects/Medicare-HMS/medicare-hms/src/features/queue/opdQueueDoctors.ts","statementMap":{"0":{"start":{"line":8,"column":0},"end":{"line":8,"column":16}},"1":{"start":{"line":1,"column":0},"end":{"line":1,"column":76}},"2":{"start":{"line":12,"column":15},"end":{"line":12,"column":65}},"3":{"start":{"line":13,"column":12},"end":{"line":13,"column":57}},"4":{"start":{"line":13,"column":29},"end":{"line":13,"column":56}},"5":{"start":{"line":14,"column":2},"end":{"line":14,"column":null}},"6":{"start":{"line":14,"column":9},"end":{"line":14,"column":null}},"7":{"start":{"line":15,"column":14},"end":{"line":15,"column":62}},"8":{"start":{"line":15,"column":31},"end":{"line":15,"column":61}},"9":{"start":{"line":16,"column":19},"end":{"line":16,"column":33}},"10":{"start":{"line":17,"column":2},"end":{"line":17,"column":null}}},"fnMap":{"0":{"name":"pickDoctorForDepartment","decl":{"start":{"line":8,"column":16},"end":{"line":8,"column":39}},"loc":{"start":{"line":10,"column":43},"end":{"line":18,"column":1}}},"1":{"name":"(anonymous_1)","decl":{"start":{"line":13,"column":22},"end":{"line":13,"column":23}},"loc":{"start":{"line":13,"column":29},"end":{"line":13,"column":56}}},"2":{"name":"(anonymous_2)","decl":{"start":{"line":15,"column":24},"end":{"line":15,"column":25}},"loc":{"start":{"line":15,"column":31},"end":{"line":15,"column":61}}}},"branchMap":{"0":{"loc":{"start":{"line":12,"column":15},"end":{"line":12,"column":65}},"type":"cond-expr","locations":[{"start":{"line":12,"column":32},"end":{"line":12,"column":38}},{"start":{"line":12,"column":41},"end":{"line":12,"column":65}}]},"1":{"loc":{"start":{"line":14,"column":2},"end":{"line":14,"column":null}},"type":"if","locations":[{"start":{"line":14,"column":2},"end":{"line":14,"column":null}}]},"2":{"loc":{"start":{"line":16,"column":19},"end":{"line":16,"column":33}},"type":"binary-expr","locations":[{"start":{"line":16,"column":19},"end":{"line":16,"column":22}},{"start":{"line":16,"column":26},"end":{"line":16,"column":33}}]}},"s":{"0":2,"1":2,"2":24,"3":24,"4":33,"5":24,"6":21,"7":3,"8":3,"9":3,"10":3},"f":{"0":24,"1":33,"2":3},"b":{"0":[3,21],"1":[21],"2":[3,1]}}
,"/home/zt112/Desktop/Projects/Medicare-HMS/medicare-hms/src/features/queue/queueSlice.ts": {"path":"/home/zt112/Desktop/Projects/Medicare-HMS/medicare-hms/src/features/queue/queueSlice.ts","statementMap":{"0":{"start":{"line":164,"column":0},"end":{"line":164,"column":16}},"1":{"start":{"line":1,"column":0},"end":{"line":1,"column":66}},"2":{"start":{"line":2,"column":0},"end":{"line":2,"column":58}},"3":{"start":{"line":4,"column":0},"end":{"line":4,"column":59}},"4":{"start":{"line":17,"column":33},"end":{"line":23,"column":null}},"5":{"start":{"line":25,"column":19},"end":{"line":148,"column":2}},"6":{"start":{"line":33,"column":19},"end":{"line":33,"column":52}},"7":{"start":{"line":34,"column":6},"end":{"line":34,"column":23}},"8":{"start":{"line":34,"column":17},"end":{"line":34,"column":23}},"9":{"start":{"line":35,"column":22},"end":{"line":35,"column":55}},"10":{"start":{"line":37,"column":8},"end":{"line":39,"column":30}},"11":{"start":{"line":40,"column":39},"end":{"line":40,"column":100}},"12":{"start":{"line":41,"column":22},"end":{"line":41,"column":39}},"13":{"start":{"line":42,"column":6},"end":{"line":50,"column":null}},"14":{"start":{"line":51,"column":6},"end":{"line":51,"column":null}},"15":{"start":{"line":54,"column":21},"end":{"line":54,"column":37}},"16":{"start":{"line":55,"column":24},"end":{"line":55,"column":75}},"17":{"start":{"line":55,"column":48},"end":{"line":55,"column":74}},"18":{"start":{"line":56,"column":6},"end":{"line":58,"column":7}},"19":{"start":{"line":57,"column":8},"end":{"line":57,"column":null}},"20":{"start":{"line":59,"column":22},"end":{"line":59,"column":69}},"21":{"start":{"line":59,"column":46},"end":{"line":59,"column":68}},"22":{"start":{"line":60,"column":40},"end":{"line":60,"column":44}},"23":{"start":{"line":61,"column":6},"end":{"line":64,"column":7}},"24":{"start":{"line":62,"column":8},"end":{"line":62,"column":null}},"25":{"start":{"line":63,"column":8},"end":{"line":63,"column":null}},"26":{"start":{"line":65,"column":26},"end":{"line":65,"column":50}},"27":{"start":{"line":66,"column":6},"end":{"line":66,"column":null}},"28":{"start":{"line":67,"column":6},"end":{"line":67,"column":null}},"29":{"start":{"line":68,"column":6},"end":{"line":68,"column":null}},"30":{"start":{"line":71,"column":6},"end":{"line":71,"column":44}},"31":{"start":{"line":71,"column":38},"end":{"line":71,"column":44}},"32":{"start":{"line":72,"column":16},"end":{"line":72,"column":17}},"33":{"start":{"line":73,"column":6},"end":{"line":78,"column":null}},"34":{"start":{"line":74,"column":8},"end":{"line":74,"column":null}},"35":{"start":{"line":74,"column":46},"end":{"line":74,"column":null}},"36":{"start":{"line":75,"column":8},"end":{"line":75,"column":null}},"37":{"start":{"line":75,"column":40},"end":{"line":75,"column":null}},"38":{"start":{"line":76,"column":8},"end":{"line":76,"column":null}},"39":{"start":{"line":77,"column":8},"end":{"line":77,"column":null}},"40":{"start":{"line":79,"column":6},"end":{"line":79,"column":null}},"41":{"start":{"line":80,"column":6},"end":{"line":80,"column":null}},"42":{"start":{"line":83,"column":6},"end":{"line":83,"column":44}},"43":{"start":{"line":83,"column":38},"end":{"line":83,"column":44}},"44":{"start":{"line":84,"column":18},"end":{"line":84,"column":80}},"45":{"start":{"line":84,"column":47},"end":{"line":84,"column":79}},"46":{"start":{"line":85,"column":6},"end":{"line":85,"column":28}},"47":{"start":{"line":85,"column":22},"end":{"line":85,"column":28}},"48":{"start":{"line":86,"column":18},"end":{"line":86,"column":34}},"49":{"start":{"line":87,"column":6},"end":{"line":87,"column":46}},"50":{"start":{"line":87,"column":40},"end":{"line":87,"column":46}},"51":{"start":{"line":88,"column":24},"end":{"line":88,"column":35}},"52":{"start":{"line":89,"column":22},"end":{"line":89,"column":61}},"53":{"start":{"line":89,"column":51},"end":{"line":89,"column":60}},"54":{"start":{"line":90,"column":38},"end":{"line":90,"column":67}},"55":{"start":{"line":92,"column":28},"end":{"line":92,"column":73}},"56":{"start":{"line":92,"column":50},"end":{"line":92,"column":72}},"57":{"start":{"line":93,"column":25},"end":{"line":93,"column":70}},"58":{"start":{"line":93,"column":47},"end":{"line":93,"column":69}},"59":{"start":{"line":94,"column":21},"end":{"line":94,"column":64}},"60":{"start":{"line":95,"column":23},"end":{"line":95,"column":67}},"61":{"start":{"line":95,"column":44},"end":{"line":95,"column":66}},"62":{"start":{"line":96,"column":6},"end":{"line":100,"column":7}},"63":{"start":{"line":97,"column":8},"end":{"line":97,"column":null}},"64":{"start":{"line":98,"column":8},"end":{"line":98,"column":null}},"65":{"start":{"line":99,"column":8},"end":{"line":99,"column":14}},"66":{"start":{"line":101,"column":27},"end":{"line":101,"column":74}},"67":{"start":{"line":101,"column":51},"end":{"line":101,"column":73}},"68":{"start":{"line":102,"column":22},"end":{"line":102,"column":42}},"69":{"start":{"line":103,"column":6},"end":{"line":105,"column":null}},"70":{"start":{"line":104,"column":8},"end":{"line":104,"column":73}},"71":{"start":{"line":106,"column":6},"end":{"line":106,"column":null}},"72":{"start":{"line":109,"column":6},"end":{"line":109,"column":null}},"73":{"start":{"line":110,"column":6},"end":{"line":110,"column":null}},"74":{"start":{"line":111,"column":6},"end":{"line":111,"column":null}},"75":{"start":{"line":112,"column":6},"end":{"line":112,"column":null}},"76":{"start":{"line":113,"column":6},"end":{"line":113,"column":null}},"77":{"start":{"line":116,"column":6},"end":{"line":116,"column":null}},"78":{"start":{"line":119,"column":34},"end":{"line":119,"column":48}},"79":{"start":{"line":120,"column":24},"end":{"line":120,"column":25}},"80":{"start":{"line":121,"column":6},"end":{"line":127,"column":null}},"81":{"start":{"line":122,"column":8},"end":{"line":122,"column":null}},"82":{"start":{"line":122,"column":35},"end":{"line":122,"column":null}},"83":{"start":{"line":123,"column":21},"end":{"line":123,"column":29}},"84":{"start":{"line":124,"column":8},"end":{"line":124,"column":null}},"85":{"start":{"line":124,"column":29},"end":{"line":124,"column":null}},"86":{"start":{"line":125,"column":8},"end":{"line":125,"column":null}},"87":{"start":{"line":125,"column":57},"end":{"line":125,"column":null}},"88":{"start":{"line":126,"column":8},"end":{"line":126,"column":null}},"89":{"start":{"line":128,"column":6},"end":{"line":130,"column":7}},"90":{"start":{"line":129,"column":8},"end":{"line":129,"column":null}},"91":{"start":{"line":131,"column":6},"end":{"line":131,"column":null}},"92":{"start":{"line":134,"column":22},"end":{"line":134,"column":36}},"93":{"start":{"line":135,"column":6},"end":{"line":144,"column":null}},"94":{"start":{"line":136,"column":8},"end":{"line":138,"column":9}},"95":{"start":{"line":137,"column":10},"end":{"line":137,"column":null}},"96":{"start":{"line":139,"column":8},"end":{"line":142,"column":9}},"97":{"start":{"line":140,"column":10},"end":{"line":140,"column":null}},"98":{"start":{"line":140,"column":35},"end":{"line":140,"column":null}},"99":{"start":{"line":141,"column":10},"end":{"line":141,"column":null}},"100":{"start":{"line":143,"column":8},"end":{"line":143,"column":null}},"101":{"start":{"line":145,"column":6},"end":{"line":145,"column":null}},"102":{"start":{"line":150,"column":13},"end":{"line":158,"column":null}},"103":{"start":{"line":161,"column":0},"end":{"line":161,"column":null}},"104":{"start":{"line":165,"column":2},"end":{"line":165,"column":null}}},"fnMap":{"0":{"name":"(anonymous_0)","decl":{"start":{"line":29,"column":4},"end":{"line":29,"column":14}},"loc":{"start":{"line":31,"column":109},"end":{"line":52,"column":5}}},"1":{"name":"(anonymous_1)","decl":{"start":{"line":53,"column":4},"end":{"line":53,"column":12}},"loc":{"start":{"line":53,"column":18},"end":{"line":69,"column":5}}},"2":{"name":"(anonymous_2)","decl":{"start":{"line":55,"column":41},"end":{"line":55,"column":42}},"loc":{"start":{"line":55,"column":48},"end":{"line":55,"column":74}}},"3":{"name":"(anonymous_3)","decl":{"start":{"line":59,"column":39},"end":{"line":59,"column":40}},"loc":{"start":{"line":59,"column":46},"end":{"line":59,"column":68}}},"4":{"name":"(anonymous_4)","decl":{"start":{"line":70,"column":4},"end":{"line":70,"column":19}},"loc":{"start":{"line":70,"column":25},"end":{"line":81,"column":5}}},"5":{"name":"(anonymous_5)","decl":{"start":{"line":73,"column":36},"end":{"line":73,"column":37}},"loc":{"start":{"line":73,"column":42},"end":{"line":78,"column":7}}},"6":{"name":"(anonymous_6)","decl":{"start":{"line":82,"column":4},"end":{"line":82,"column":15}},"loc":{"start":{"line":82,"column":21},"end":{"line":107,"column":5}}},"7":{"name":"(anonymous_7)","decl":{"start":{"line":84,"column":40},"end":{"line":84,"column":41}},"loc":{"start":{"line":84,"column":47},"end":{"line":84,"column":79}}},"8":{"name":"(anonymous_8)","decl":{"start":{"line":89,"column":41},"end":{"line":89,"column":42}},"loc":{"start":{"line":89,"column":51},"end":{"line":89,"column":60}}},"9":{"name":"(anonymous_9)","decl":{"start":{"line":92,"column":43},"end":{"line":92,"column":44}},"loc":{"start":{"line":92,"column":50},"end":{"line":92,"column":72}}},"10":{"name":"(anonymous_10)","decl":{"start":{"line":93,"column":40},"end":{"line":93,"column":41}},"loc":{"start":{"line":93,"column":47},"end":{"line":93,"column":69}}},"11":{"name":"(anonymous_11)","decl":{"start":{"line":95,"column":37},"end":{"line":95,"column":38}},"loc":{"start":{"line":95,"column":44},"end":{"line":95,"column":66}}},"12":{"name":"(anonymous_12)","decl":{"start":{"line":101,"column":44},"end":{"line":101,"column":45}},"loc":{"start":{"line":101,"column":51},"end":{"line":101,"column":73}}},"13":{"name":"(anonymous_13)","decl":{"start":{"line":103,"column":31},"end":{"line":103,"column":32}},"loc":{"start":{"line":104,"column":8},"end":{"line":104,"column":73}}},"14":{"name":"(anonymous_14)","decl":{"start":{"line":108,"column":4},"end":{"line":108,"column":14}},"loc":{"start":{"line":108,"column":20},"end":{"line":114,"column":5}}},"15":{"name":"(anonymous_15)","decl":{"start":{"line":115,"column":4},"end":{"line":115,"column":24}},"loc":{"start":{"line":115,"column":62},"end":{"line":117,"column":5}}},"16":{"name":"(anonymous_16)","decl":{"start":{"line":118,"column":4},"end":{"line":118,"column":21}},"loc":{"start":{"line":118,"column":95},"end":{"line":132,"column":5}}},"17":{"name":"(anonymous_17)","decl":{"start":{"line":121,"column":36},"end":{"line":121,"column":37}},"loc":{"start":{"line":121,"column":42},"end":{"line":127,"column":7}}},"18":{"name":"(anonymous_18)","decl":{"start":{"line":133,"column":4},"end":{"line":133,"column":23}},"loc":{"start":{"line":133,"column":60},"end":{"line":146,"column":5}}},"19":{"name":"(anonymous_19)","decl":{"start":{"line":135,"column":36},"end":{"line":135,"column":37}},"loc":{"start":{"line":135,"column":42},"end":{"line":144,"column":7}}},"20":{"name":"formatOpdTokenLabel","decl":{"start":{"line":164,"column":16},"end":{"line":164,"column":35}},"loc":{"start":{"line":164,"column":51},"end":{"line":166,"column":1}}}},"branchMap":{"0":{"loc":{"start":{"line":34,"column":6},"end":{"line":34,"column":23}},"type":"if","locations":[{"start":{"line":34,"column":6},"end":{"line":34,"column":23}}]},"1":{"loc":{"start":{"line":37,"column":8},"end":{"line":39,"column":30}},"type":"cond-expr","locations":[{"start":{"line":38,"column":12},"end":{"line":38,"column":19}},{"start":{"line":39,"column":12},"end":{"line":39,"column":30}}]},"2":{"loc":{"start":{"line":37,"column":8},"end":{"line":37,"column":88}},"type":"binary-expr","locations":[{"start":{"line":37,"column":8},"end":{"line":37,"column":15}},{"start":{"line":37,"column":19},"end":{"line":37,"column":88}}]},"3":{"loc":{"start":{"line":56,"column":6},"end":{"line":58,"column":7}},"type":"if","locations":[{"start":{"line":56,"column":6},"end":{"line":58,"column":7}}]},"4":{"loc":{"start":{"line":61,"column":6},"end":{"line":64,"column":7}},"type":"if","locations":[{"start":{"line":61,"column":6},"end":{"line":64,"column":7}}]},"5":{"loc":{"start":{"line":65,"column":26},"end":{"line":65,"column":50}},"type":"cond-expr","locations":[{"start":{"line":65,"column":45},"end":{"line":65,"column":46}},{"start":{"line":65,"column":49},"end":{"line":65,"column":50}}]},"6":{"loc":{"start":{"line":71,"column":6},"end":{"line":71,"column":44}},"type":"if","locations":[{"start":{"line":71,"column":6},"end":{"line":71,"column":44}}]},"7":{"loc":{"start":{"line":74,"column":8},"end":{"line":74,"column":null}},"type":"if","locations":[{"start":{"line":74,"column":8},"end":{"line":74,"column":null}}]},"8":{"loc":{"start":{"line":75,"column":8},"end":{"line":75,"column":null}},"type":"if","locations":[{"start":{"line":75,"column":8},"end":{"line":75,"column":null}}]},"9":{"loc":{"start":{"line":83,"column":6},"end":{"line":83,"column":44}},"type":"if","locations":[{"start":{"line":83,"column":6},"end":{"line":83,"column":44}}]},"10":{"loc":{"start":{"line":85,"column":6},"end":{"line":85,"column":28}},"type":"if","locations":[{"start":{"line":85,"column":6},"end":{"line":85,"column":28}}]},"11":{"loc":{"start":{"line":87,"column":6},"end":{"line":87,"column":46}},"type":"if","locations":[{"start":{"line":87,"column":6},"end":{"line":87,"column":46}}]},"12":{"loc":{"start":{"line":96,"column":6},"end":{"line":100,"column":7}},"type":"if","locations":[{"start":{"line":96,"column":6},"end":{"line":100,"column":7}}]},"13":{"loc":{"start":{"line":96,"column":10},"end":{"line":96,"column":68}},"type":"binary-expr","locations":[{"start":{"line":96,"column":10},"end":{"line":96,"column":31}},{"start":{"line":96,"column":35},"end":{"line":96,"column":68}}]},"14":{"loc":{"start":{"line":104,"column":8},"end":{"line":104,"column":73}},"type":"cond-expr","locations":[{"start":{"line":104,"column":29},"end":{"line":104,"column":69}},{"start":{"line":104,"column":72},"end":{"line":104,"column":73}}]},"15":{"loc":{"start":{"line":122,"column":8},"end":{"line":122,"column":null}},"type":"if","locations":[{"start":{"line":122,"column":8},"end":{"line":122,"column":null}}]},"16":{"loc":{"start":{"line":124,"column":8},"end":{"line":124,"column":null}},"type":"if","locations":[{"start":{"line":124,"column":8},"end":{"line":124,"column":null}}]},"17":{"loc":{"start":{"line":125,"column":8},"end":{"line":125,"column":null}},"type":"if","locations":[{"start":{"line":125,"column":8},"end":{"line":125,"column":null}}]},"18":{"loc":{"start":{"line":125,"column":12},"end":{"line":125,"column":55}},"type":"binary-expr","locations":[{"start":{"line":125,"column":12},"end":{"line":125,"column":34}},{"start":{"line":125,"column":38},"end":{"line":125,"column":55}}]},"19":{"loc":{"start":{"line":128,"column":6},"end":{"line":130,"column":7}},"type":"if","locations":[{"start":{"line":128,"column":6},"end":{"line":130,"column":7}}]},"20":{"loc":{"start":{"line":128,"column":10},"end":{"line":128,"column":68}},"type":"binary-expr","locations":[{"start":{"line":128,"column":10},"end":{"line":128,"column":40}},{"start":{"line":128,"column":44},"end":{"line":128,"column":68}}]},"21":{"loc":{"start":{"line":136,"column":8},"end":{"line":138,"column":9}},"type":"if","locations":[{"start":{"line":136,"column":8},"end":{"line":138,"column":9}}]},"22":{"loc":{"start":{"line":136,"column":12},"end":{"line":136,"column":63}},"type":"binary-expr","locations":[{"start":{"line":136,"column":12},"end":{"line":136,"column":38}},{"start":{"line":136,"column":42},"end":{"line":136,"column":63}}]},"23":{"loc":{"start":{"line":139,"column":8},"end":{"line":142,"column":9}},"type":"if","locations":[{"start":{"line":139,"column":8},"end":{"line":142,"column":9}}]},"24":{"loc":{"start":{"line":140,"column":10},"end":{"line":140,"column":null}},"type":"if","locations":[{"start":{"line":140,"column":10},"end":{"line":140,"column":null}}]}},"s":{"0":1,"1":1,"2":1,"3":1,"4":1,"5":1,"6":19,"7":19,"8":1,"9":18,"10":18,"11":18,"12":18,"13":18,"14":18,"15":7,"16":7,"17":10,"18":7,"19":1,"20":7,"21":8,"22":7,"23":7,"24":7,"25":7,"26":7,"27":7,"28":7,"29":7,"30":2,"31":1,"32":1,"33":1,"34":1,"35":0,"36":1,"37":0,"38":1,"39":1,"40":1,"41":1,"42":2,"43":0,"44":2,"45":2,"46":2,"47":0,"48":2,"49":2,"50":0,"51":2,"52":2,"53":3,"54":2,"55":2,"56":1,"57":2,"58":1,"59":2,"60":2,"61":3,"62":2,"63":1,"64":1,"65":1,"66":1,"67":1,"68":1,"69":1,"70":2,"71":1,"72":1,"73":1,"74":1,"75":1,"76":1,"77":2,"78":4,"79":4,"80":4,"81":4,"82":0,"83":4,"84":4,"85":2,"86":2,"87":2,"88":2,"89":4,"90":2,"91":4,"92":5,"93":5,"94":7,"95":1,"96":6,"97":5,"98":1,"99":4,"100":1,"101":5,"102":1,"103":1,"104":2},"f":{"0":19,"1":7,"2":10,"3":8,"4":2,"5":1,"6":2,"7":2,"8":3,"9":1,"10":1,"11":3,"12":1,"13":2,"14":1,"15":2,"16":4,"17":4,"18":5,"19":7,"20":2},"b":{"0":[1],"1":[0,18],"2":[18,1],"3":[1],"4":[7],"5":[1,6],"6":[1],"7":[0],"8":[0],"9":[0],"10":[0],"11":[0],"12":[1],"13":[2,1],"14":[1,1],"15":[0],"16":[2],"17":[2],"18":[2,2],"19":[2],"20":[4,2],"21":[1],"22":[7,1],"23":[5],"24":[1]}}
}
