TN:
SF:src/config/departments.ts
FNF:0
FNH:0
DA:5,1
LF:1
LH:1
BRF:0
BRH:0
end_of_record
TN:
SF:src/features/appointments/appointmentsSlice.ts
FN:61,findSchedulingConflict
FN:70,(anonymous_1)
FN:87,(anonymous_2)
FN:94,(anonymous_3)
FN:97,(anonymous_4)
FN:107,(anonymous_5)
FN:111,(anonymous_6)
FN:117,(anonymous_7)
FN:118,(anonymous_8)
FN:121,(anonymous_9)
FN:122,(anonymous_10)
FN:125,(anonymous_11)
FN:126,(anonymous_12)
FN:131,(anonymous_13)
FN:132,(anonymous_14)
FN:133,(anonymous_15)
FN:136,(anonymous_16)
FN:138,(anonymous_17)
FN:141,(anonymous_18)
FN:143,(anonymous_19)
FN:148,(anonymous_20)
FN:150,(anonymous_21)
FNF:22
FNH:22
FNDA:6,findSchedulingConflict
FNDA:19,(anonymous_1)
FNDA:20,(anonymous_2)
FNDA:1,(anonymous_3)
FNDA:3,(anonymous_4)
FNDA:2,(anonymous_5)
FNDA:2,(anonymous_6)
FNDA:1,(anonymous_7)
FNDA:1,(anonymous_8)
FNDA:1,(anonymous_9)
FNDA:1,(anonymous_10)
FNDA:2,(anonymous_11)
FNDA:10,(anonymous_12)
FNDA:10,(anonymous_13)
FNDA:10,(anonymous_14)
FNDA:3,(anonymous_15)
FNDA:4,(anonymous_16)
FNDA:21,(anonymous_17)
FNDA:3,(anonymous_18)
FNDA:13,(anonymous_19)
FNDA:2,(anonymous_20)
FNDA:11,(anonymous_21)
DA:1,4
DA:3,4
DA:5,4
DA:61,4
DA:69,6
DA:71,19
DA:85,4
DA:87,20
DA:90,4
DA:95,1
DA:98,3
DA:99,3
DA:100,3
DA:111,2
DA:112,2
DA:113,1
DA:114,1
DA:115,1
DA:118,1
DA:119,1
DA:122,1
DA:123,1
DA:126,2
DA:127,10
DA:131,10
DA:132,10
DA:133,3
DA:134,2
DA:137,4
DA:138,21
DA:139,3
DA:142,3
DA:143,13
DA:144,3
DA:145,2
DA:146,1
DA:149,2
DA:150,11
DA:155,4
DA:167,4
LF:40
LH:40
BRDA:71,0,0,19
BRDA:71,0,1,18
BRDA:71,0,2,10
BRDA:71,0,3,10
BRDA:71,0,4,7
BRDA:71,0,5,4
BRDA:102,1,0,3
BRDA:102,1,1,1
BRDA:112,2,0,1
BRDA:112,3,0,2
BRDA:112,3,1,2
BRDA:119,4,0,1
BRDA:123,5,0,1
BRDA:127,6,0,10
BRDA:127,6,1,10
BRDA:127,6,2,10
BRDA:127,6,3,10
BRDA:138,7,0,1
BRDA:144,8,0,1
BRDA:145,9,0,1
BRDA:150,10,0,11
BRDA:150,10,1,2
BRF:22
BRH:22
end_of_record
TN:
SF:src/features/appointments/slotUtils.ts
FN:16,atTime
FN:29,generateDaySlots
FN:58,startOfWeekMonday
FN:62,eachDayOfWeek
FN:63,(anonymous_4)
FN:66,timeToMinutes
FN:72,slotsOverlap
FN:81,isDateInWeek
FN:89,weekSlotStartLabels
FN:96,(anonymous_9)
FN:99,findSlotByStart
FN:100,(anonymous_11)
FNF:12
FNH:12
FNDA:34,atTime
FNDA:12,generateDaySlots
FNDA:1,startOfWeekMonday
FNDA:2,eachDayOfWeek
FNDA:14,(anonymous_4)
FNDA:47,timeToMinutes
FNDA:8,slotsOverlap
FNDA:4,isDateInWeek
FNDA:1,weekSlotStartLabels
FNDA:3,(anonymous_9)
FNDA:2,findSlotByStart
FNDA:5,(anonymous_11)
DA:1,5
DA:17,34
DA:18,34
DA:29,5
DA:30,12
DA:31,12
DA:33,9
DA:34,9
DA:35,9
DA:36,9
DA:37,9
DA:38,9
DA:40,9
DA:41,42
DA:42,42
DA:43,8
DA:44,8
DA:46,34
DA:52,34
DA:54,9
DA:58,5
DA:59,1
DA:62,5
DA:63,14
DA:66,5
DA:67,47
DA:68,47
DA:72,5
DA:73,8
DA:74,8
DA:75,8
DA:76,8
DA:77,8
DA:81,5
DA:82,4
DA:83,4
DA:84,4
DA:85,4
DA:89,5
DA:90,1
DA:91,1
DA:92,7
DA:93,20
DA:96,3
DA:99,5
DA:100,5
LF:46
LH:46
BRDA:18,0,0,34
BRDA:18,0,1,18
BRDA:31,1,0,3
BRDA:35,2,0,8
BRDA:35,2,1,1
BRDA:36,3,0,8
BRDA:36,3,1,1
BRDA:42,4,0,8
BRDA:42,5,0,42
BRDA:42,5,1,40
BRDA:42,5,2,40
BRDA:42,5,3,16
BRDA:68,6,0,47
BRDA:68,6,1,18
BRDA:77,7,0,8
BRDA:77,7,1,6
BRF:16
BRH:16
end_of_record
TN:
SF:src/features/patients/PatientRegistrationForm.tsx
FN:45,inputClass
FN:65,PatientRegistrationForm
FN:94,(anonymous_2)
FN:101,(anonymous_3)
FN:106,(anonymous_4)
FN:112,(anonymous_5)
FN:115,(anonymous_6)
FN:117,(anonymous_7)
FN:120,(anonymous_8)
FN:192,(anonymous_9)
FN:199,(anonymous_10)
FN:211,(anonymous_11)
FN:229,(anonymous_12)
FN:428,(anonymous_13)
FNF:14
FNH:14
FNDA:175,inputClass
FNDA:47,PatientRegistrationForm
FNDA:12,(anonymous_2)
FNDA:16,(anonymous_3)
FNDA:74,(anonymous_4)
FNDA:15,(anonymous_5)
FNDA:1,(anonymous_6)
FNDA:1,(anonymous_7)
FNDA:3,(anonymous_8)
FNDA:2,(anonymous_9)
FNDA:1,(anonymous_10)
FNDA:235,(anonymous_11)
FNDA:1,(anonymous_12)
FNDA:3,(anonymous_13)
DA:1,1
DA:2,1
DA:3,1
DA:4,1
DA:5,1
DA:16,1
DA:17,1
DA:18,1
DA:20,1
DA:41,1
DA:43,1
DA:46,175
DA:63,1
DA:65,1
DA:72,47
DA:73,47
DA:74,47
DA:75,47
DA:76,47
DA:78,47
DA:92,47
DA:94,47
DA:95,12
DA:96,3
DA:97,3
DA:101,47
DA:102,16
DA:103,16
DA:104,16
DA:105,16
DA:106,74
DA:107,16
DA:108,16
DA:109,1
DA:110,1
DA:112,15
DA:115,47
DA:116,1
DA:117,1
DA:120,47
DA:121,3
DA:122,3
DA:123,3
DA:124,3
DA:125,1
DA:146,1
DA:147,1
DA:148,1
DA:149,1
DA:150,1
DA:153,2
DA:154,2
DA:177,2
DA:178,1
DA:179,1
DA:180,1
DA:182,1
DA:183,1
DA:184,1
DA:186,3
DA:190,47
DA:192,47
DA:193,2
DA:194,2
DA:195,1
DA:196,1
DA:198,1
DA:199,1
DA:200,1
DA:201,1
DA:203,1
DA:206,47
DA:212,235
DA:231,1
DA:428,3
LF:75
LH:75
BRDA:47,0,0,3
BRDA:47,0,1,172
BRDA:67,1,0,5
BRDA:69,2,0,45
BRDA:70,3,0,35
BRDA:80,4,0,12
BRDA:80,4,1,35
BRDA:95,5,0,3
BRDA:108,6,0,1
BRDA:124,7,0,1
BRDA:137,8,0,1
BRDA:137,8,1,1
BRDA:138,9,0,1
BRDA:138,9,1,0
BRDA:139,10,0,1
BRDA:139,10,1,0
BRDA:140,11,0,1
BRDA:140,11,1,0
BRDA:141,12,0,1
BRDA:141,12,1,0
BRDA:166,13,0,2
BRDA:166,13,1,2
BRDA:167,14,0,2
BRDA:167,14,1,0
BRDA:168,15,0,2
BRDA:168,15,1,0
BRDA:169,16,0,2
BRDA:169,16,1,0
BRDA:170,17,0,2
BRDA:170,17,1,0
BRDA:182,18,0,1
BRDA:182,18,1,0
BRDA:194,19,0,1
BRDA:201,20,0,1
BRDA:214,21,0,93
BRDA:214,21,1,142
BRDA:235,22,0,47
BRDA:235,22,1,28
BRDA:241,23,0,28
BRDA:241,23,1,1
BRDA:246,24,0,28
BRDA:246,24,1,1
BRDA:255,25,0,28
BRDA:255,25,1,0
BRDA:270,26,0,28
BRDA:270,26,1,1
BRDA:275,27,0,28
BRDA:275,27,1,1
BRDA:282,28,0,47
BRDA:282,28,1,7
BRDA:288,29,0,7
BRDA:288,29,1,0
BRDA:293,30,0,7
BRDA:293,30,1,0
BRDA:298,31,0,7
BRDA:298,31,1,0
BRDA:304,32,0,7
BRDA:304,32,1,0
BRDA:309,33,0,7
BRDA:309,33,1,0
BRDA:314,34,0,7
BRDA:314,34,1,0
BRDA:320,35,0,47
BRDA:320,35,1,3
BRDA:342,36,0,47
BRDA:342,36,1,3
BRDA:348,37,0,3
BRDA:348,37,1,0
BRDA:353,38,0,3
BRDA:353,38,1,0
BRDA:360,39,0,3
BRDA:360,39,1,0
BRDA:365,40,0,47
BRDA:365,40,1,6
BRDA:369,41,0,2
BRDA:369,41,1,4
BRDA:373,42,0,2
BRDA:373,42,1,4
BRDA:398,43,0,47
BRDA:398,43,1,1
BRDA:401,44,0,2
BRDA:401,44,1,45
BRDA:401,45,0,47
BRDA:401,45,1,28
BRDA:416,46,0,41
BRDA:416,46,1,6
BRDA:431,47,0,0
BRDA:431,47,1,6
BRDA:431,48,0,2
BRDA:431,48,1,4
BRF:90
BRH:70
end_of_record
TN:
SF:src/features/patients/patientSchemas.ts
FN:54,patientRecordToFormValues
FNF:1
FNH:1
FNDA:18,patientRecordToFormValues
DA:1,2
DA:4,2
DA:12,2
DA:24,2
DA:31,2
DA:40,2
DA:47,2
DA:54,2
DA:55,18
LF:9
LH:9
BRDA:60,0,0,18
BRDA:60,0,1,17
BRDA:67,1,0,18
BRDA:67,1,1,1
BRDA:68,2,0,18
BRDA:68,2,1,1
BRDA:69,3,0,18
BRDA:69,3,1,1
BRDA:70,4,0,18
BRDA:70,4,1,1
BRF:10
BRH:10
end_of_record
TN:
SF:src/features/queue/opdQueueDoctors.ts
FN:8,pickDoctorForDepartment
FN:13,(anonymous_1)
FN:15,(anonymous_2)
FNF:3
FNH:3
FNDA:24,pickDoctorForDepartment
FNDA:33,(anonymous_1)
FNDA:3,(anonymous_2)
DA:1,2
DA:8,2
DA:12,24
DA:13,33
DA:14,24
DA:15,3
DA:16,3
DA:17,3
LF:8
LH:8
BRDA:12,0,0,3
BRDA:12,0,1,21
BRDA:14,1,0,21
BRDA:16,2,0,3
BRDA:16,2,1,1
BRF:5
BRH:5
end_of_record
TN:
SF:src/features/queue/queueSlice.ts
FN:29,(anonymous_0)
FN:53,(anonymous_1)
FN:55,(anonymous_2)
FN:59,(anonymous_3)
FN:70,(anonymous_4)
FN:73,(anonymous_5)
FN:82,(anonymous_6)
FN:84,(anonymous_7)
FN:89,(anonymous_8)
FN:92,(anonymous_9)
FN:93,(anonymous_10)
FN:95,(anonymous_11)
FN:101,(anonymous_12)
FN:103,(anonymous_13)
FN:108,(anonymous_14)
FN:115,(anonymous_15)
FN:118,(anonymous_16)
FN:121,(anonymous_17)
FN:133,(anonymous_18)
FN:135,(anonymous_19)
FN:164,formatOpdTokenLabel
FNF:21
FNH:21
FNDA:19,(anonymous_0)
FNDA:7,(anonymous_1)
FNDA:10,(anonymous_2)
FNDA:8,(anonymous_3)
FNDA:2,(anonymous_4)
FNDA:1,(anonymous_5)
FNDA:2,(anonymous_6)
FNDA:2,(anonymous_7)
FNDA:3,(anonymous_8)
FNDA:1,(anonymous_9)
FNDA:1,(anonymous_10)
FNDA:3,(anonymous_11)
FNDA:1,(anonymous_12)
FNDA:2,(anonymous_13)
FNDA:1,(anonymous_14)
FNDA:2,(anonymous_15)
FNDA:4,(anonymous_16)
FNDA:4,(anonymous_17)
FNDA:5,(anonymous_18)
FNDA:7,(anonymous_19)
FNDA:2,formatOpdTokenLabel
DA:1,1
DA:2,1
DA:4,1
DA:17,1
DA:25,1
DA:33,19
DA:34,19
DA:35,18
DA:37,18
DA:40,18
DA:41,18
DA:42,18
DA:51,18
DA:54,7
DA:55,10
DA:56,7
DA:57,1
DA:59,8
DA:60,7
DA:61,7
DA:62,7
DA:63,7
DA:65,7
DA:66,7
DA:67,7
DA:68,7
DA:71,2
DA:72,1
DA:73,1
DA:74,1
DA:75,1
DA:76,1
DA:77,1
DA:79,1
DA:80,1
DA:83,2
DA:84,2
DA:85,2
DA:86,2
DA:87,2
DA:88,2
DA:89,3
DA:90,2
DA:92,2
DA:93,2
DA:94,2
DA:95,3
DA:96,2
DA:97,1
DA:98,1
DA:99,1
DA:101,1
DA:102,1
DA:103,1
DA:104,2
DA:106,1
DA:109,1
DA:110,1
DA:111,1
DA:112,1
DA:113,1
DA:116,2
DA:119,4
DA:120,4
DA:121,4
DA:122,4
DA:123,4
DA:124,4
DA:125,2
DA:126,2
DA:128,4
DA:129,2
DA:131,4
DA:134,5
DA:135,5
DA:136,7
DA:137,1
DA:139,6
DA:140,5
DA:141,4
DA:143,1
DA:145,5
DA:150,1
DA:161,1
DA:164,1
DA:165,2
LF:86
LH:86
BRDA:34,0,0,1
BRDA:37,1,0,0
BRDA:37,1,1,18
BRDA:37,2,0,18
BRDA:37,2,1,1
BRDA:56,3,0,1
BRDA:61,4,0,7
BRDA:65,5,0,1
BRDA:65,5,1,6
BRDA:71,6,0,1
BRDA:74,7,0,0
BRDA:75,8,0,0
BRDA:83,9,0,0
BRDA:85,10,0,0
BRDA:87,11,0,0
BRDA:96,12,0,1
BRDA:96,13,0,2
BRDA:96,13,1,1
BRDA:104,14,0,1
BRDA:104,14,1,1
BRDA:122,15,0,0
BRDA:124,16,0,2
BRDA:125,17,0,2
BRDA:125,18,0,2
BRDA:125,18,1,2
BRDA:128,19,0,2
BRDA:128,20,0,4
BRDA:128,20,1,2
BRDA:136,21,0,1
BRDA:136,22,0,7
BRDA:136,22,1,1
BRDA:139,23,0,5
BRDA:140,24,0,1
BRF:33
BRH:26
end_of_record
